2022-02-08 15:29:13.985  INFO 12332 --- [restartedMain] com.flightapp.AdminServiceApplication    : Starting AdminServiceApplication using Java 16.0.1 on Pushkar with PID 12332 (D:\Cognizant Learn\Project Work\Usecase-Flight\admin-service\target\classes started by Pushkar Computer in D:\Cognizant Learn\Project Work\Usecase-Flight\admin-service)
2022-02-08 15:29:13.989  INFO 12332 --- [restartedMain] com.flightapp.AdminServiceApplication    : No active profile set, falling back to default profiles: default
2022-02-08 15:29:14.048  INFO 12332 --- [restartedMain] .e.DevToolsPropertyDefaultsPostProcessor : Devtools property defaults active! Set 'spring.devtools.add-properties' to 'false' to disable
2022-02-08 15:29:14.049  INFO 12332 --- [restartedMain] .e.DevToolsPropertyDefaultsPostProcessor : For additional web related logging consider setting the 'logging.level.web' property to 'DEBUG'
2022-02-08 15:29:16.081  INFO 12332 --- [restartedMain] .s.d.r.c.RepositoryConfigurationDelegate : Bootstrapping Spring Data JPA repositories in DEFAULT mode.
2022-02-08 15:29:16.447  INFO 12332 --- [restartedMain] .s.d.r.c.RepositoryConfigurationDelegate : Finished Spring Data repository scanning in 346 ms. Found 1 JPA repository interfaces.
2022-02-08 15:29:16.896  INFO 12332 --- [restartedMain] o.s.cloud.context.scope.GenericScope     : BeanFactory id=e442d9c9-2821-37fc-b2aa-35d5bb7dbcc0
2022-02-08 15:29:18.255  INFO 12332 --- [restartedMain] o.s.b.w.embedded.tomcat.TomcatWebServer  : Tomcat initialized with port(s): 9091 (http)
2022-02-08 15:29:18.272  INFO 12332 --- [restartedMain] o.apache.catalina.core.StandardService   : Starting service [Tomcat]
2022-02-08 15:29:18.273  INFO 12332 --- [restartedMain] org.apache.catalina.core.StandardEngine  : Starting Servlet engine: [Apache Tomcat/9.0.56]
2022-02-08 15:29:18.497  INFO 12332 --- [restartedMain] o.a.c.c.C.[Tomcat].[localhost].[/]       : Initializing Spring embedded WebApplicationContext
2022-02-08 15:29:18.497  INFO 12332 --- [restartedMain] w.s.c.ServletWebServerApplicationContext : Root WebApplicationContext: initialization completed in 4447 ms
2022-02-08 15:29:18.802  INFO 12332 --- [restartedMain] o.hibernate.jpa.internal.util.LogHelper  : HHH000204: Processing PersistenceUnitInfo [name: default]
2022-02-08 15:29:18.928  INFO 12332 --- [restartedMain] org.hibernate.Version                    : HHH000412: Hibernate ORM core version 5.6.3.Final
2022-02-08 15:29:19.173  INFO 12332 --- [restartedMain] o.hibernate.annotations.common.Version   : HCANN000001: Hibernate Commons Annotations {5.1.2.Final}
2022-02-08 15:29:19.359  INFO 12332 --- [restartedMain] com.zaxxer.hikari.HikariDataSource       : HikariPool-1 - Starting...
2022-02-08 15:29:19.891  INFO 12332 --- [restartedMain] com.zaxxer.hikari.HikariDataSource       : HikariPool-1 - Start completed.
2022-02-08 15:29:19.917  INFO 12332 --- [restartedMain] org.hibernate.dialect.Dialect            : HHH000400: Using dialect: org.hibernate.dialect.MySQL57InnoDBDialect
2022-02-08 15:29:21.067  INFO 12332 --- [restartedMain] o.h.e.t.j.p.i.JtaPlatformInitiator       : HHH000490: Using JtaPlatform implementation: [org.hibernate.engine.transaction.jta.platform.internal.NoJtaPlatform]
2022-02-08 15:29:21.084  INFO 12332 --- [restartedMain] j.LocalContainerEntityManagerFactoryBean : Initialized JPA EntityManagerFactory for persistence unit 'default'
2022-02-08 15:29:22.015  WARN 12332 --- [restartedMain] JpaBaseConfiguration$JpaWebConfiguration : spring.jpa.open-in-view is enabled by default. Therefore, database queries may be performed during view rendering. Explicitly configure spring.jpa.open-in-view to disable this warning
2022-02-08 15:29:24.643  WARN 12332 --- [restartedMain] o.s.b.d.a.OptionalLiveReloadServer       : Unable to start LiveReload server
2022-02-08 15:29:24.797  INFO 12332 --- [restartedMain] DiscoveryClientOptionalArgsConfiguration : Eureka HTTP Client uses RestTemplate.
2022-02-08 15:29:24.870  WARN 12332 --- [restartedMain] iguration$LoadBalancerCaffeineWarnLogger : Spring Cloud LoadBalancer is currently working with the default cache. You can switch to using Caffeine cache, by adding it and org.springframework.cache.caffeine.CaffeineCacheManager to the classpath.
2022-02-08 15:29:24.877  INFO 12332 --- [restartedMain] o.s.b.a.e.web.EndpointLinksResolver      : Exposing 1 endpoint(s) beneath base path '/actuator'
2022-02-08 15:29:24.984  INFO 12332 --- [restartedMain] o.s.c.n.eureka.InstanceInfoFactory       : Setting initial instance status as: STARTING
2022-02-08 15:29:25.042  INFO 12332 --- [restartedMain] com.netflix.discovery.DiscoveryClient    : Initializing Eureka in region us-east-1
2022-02-08 15:29:25.051  INFO 12332 --- [restartedMain] c.n.d.s.r.aws.ConfigClusterResolver      : Resolving eureka endpoints via configuration
2022-02-08 15:29:25.085  INFO 12332 --- [restartedMain] com.netflix.discovery.DiscoveryClient    : Disable delta property : false
2022-02-08 15:29:25.085  INFO 12332 --- [restartedMain] com.netflix.discovery.DiscoveryClient    : Single vip registry refresh property : null
2022-02-08 15:29:25.085  INFO 12332 --- [restartedMain] com.netflix.discovery.DiscoveryClient    : Force full registry fetch : false
2022-02-08 15:29:25.085  INFO 12332 --- [restartedMain] com.netflix.discovery.DiscoveryClient    : Application is null : false
2022-02-08 15:29:25.086  INFO 12332 --- [restartedMain] com.netflix.discovery.DiscoveryClient    : Registered Applications size is zero : true
2022-02-08 15:29:25.086  INFO 12332 --- [restartedMain] com.netflix.discovery.DiscoveryClient    : Application version is -1: true
2022-02-08 15:29:25.086  INFO 12332 --- [restartedMain] com.netflix.discovery.DiscoveryClient    : Getting all instance registry info from the eureka server
2022-02-08 15:29:25.448  INFO 12332 --- [restartedMain] com.netflix.discovery.DiscoveryClient    : The response status is 200
2022-02-08 15:29:25.458  INFO 12332 --- [restartedMain] com.netflix.discovery.DiscoveryClient    : Starting heartbeat executor: renew interval is: 30
2022-02-08 15:29:25.467  INFO 12332 --- [restartedMain] c.n.discovery.InstanceInfoReplicator     : InstanceInfoReplicator onDemand update allowed rate per min is 4
2022-02-08 15:29:25.489  INFO 12332 --- [restartedMain] com.netflix.discovery.DiscoveryClient    : Discovery Client initialized at timestamp 1644314365488 with initial instances count: 2
2022-02-08 15:29:25.493  INFO 12332 --- [restartedMain] o.s.c.n.e.s.EurekaServiceRegistry        : Registering application ADMIN-SERVICE with eureka with status UP
2022-02-08 15:29:25.494  INFO 12332 --- [restartedMain] com.netflix.discovery.DiscoveryClient    : Saw local status change event StatusChangeEvent [timestamp=1644314365494, current=UP, previous=STARTING]
2022-02-08 15:29:25.496  INFO 12332 --- [DiscoveryClient-InstanceInfoReplicator-0] com.netflix.discovery.DiscoveryClient    : DiscoveryClient_ADMIN-SERVICE/Pushkar:admin-service:9091: registering service...
2022-02-08 15:29:25.532  INFO 12332 --- [restartedMain] o.s.b.w.embedded.tomcat.TomcatWebServer  : Tomcat started on port(s): 9091 (http) with context path ''
2022-02-08 15:29:25.534  INFO 12332 --- [restartedMain] .s.c.n.e.s.EurekaAutoServiceRegistration : Updating port to 9091
2022-02-08 15:29:25.559  INFO 12332 --- [DiscoveryClient-InstanceInfoReplicator-0] com.netflix.discovery.DiscoveryClient    : DiscoveryClient_ADMIN-SERVICE/Pushkar:admin-service:9091 - registration status: 204
2022-02-08 15:29:25.676  INFO 12332 --- [restartedMain] com.flightapp.AdminServiceApplication    : Started AdminServiceApplication in 12.47 seconds (JVM running for 14.101)
2022-02-08 15:34:25.095  INFO 12332 --- [AsyncResolver-bootstrap-executor-0] c.n.d.s.r.aws.ConfigClusterResolver      : Resolving eureka endpoints via configuration
2022-02-08 15:39:25.109  INFO 12332 --- [AsyncResolver-bootstrap-executor-0] c.n.d.s.r.aws.ConfigClusterResolver      : Resolving eureka endpoints via configuration
2022-02-08 15:44:25.121  INFO 12332 --- [AsyncResolver-bootstrap-executor-0] c.n.d.s.r.aws.ConfigClusterResolver      : Resolving eureka endpoints via configuration
2022-02-08 15:49:25.135  INFO 12332 --- [AsyncResolver-bootstrap-executor-0] c.n.d.s.r.aws.ConfigClusterResolver      : Resolving eureka endpoints via configuration
2022-02-08 15:54:25.140  INFO 12332 --- [AsyncResolver-bootstrap-executor-0] c.n.d.s.r.aws.ConfigClusterResolver      : Resolving eureka endpoints via configuration
2022-02-08 15:59:25.152  INFO 12332 --- [AsyncResolver-bootstrap-executor-0] c.n.d.s.r.aws.ConfigClusterResolver      : Resolving eureka endpoints via configuration
2022-02-08 16:04:25.156  INFO 12332 --- [AsyncResolver-bootstrap-executor-0] c.n.d.s.r.aws.ConfigClusterResolver      : Resolving eureka endpoints via configuration
2022-02-08 16:09:25.158  INFO 12332 --- [AsyncResolver-bootstrap-executor-0] c.n.d.s.r.aws.ConfigClusterResolver      : Resolving eureka endpoints via configuration
2022-02-08 16:14:25.166  INFO 12332 --- [AsyncResolver-bootstrap-executor-0] c.n.d.s.r.aws.ConfigClusterResolver      : Resolving eureka endpoints via configuration
2022-02-08 16:19:25.176  INFO 12332 --- [AsyncResolver-bootstrap-executor-0] c.n.d.s.r.aws.ConfigClusterResolver      : Resolving eureka endpoints via configuration
2022-02-08 16:20:05.105  INFO 12332 --- [RMI TCP Connection(60)-127.0.0.1] inMXBeanRegistrar$SpringApplicationAdmin : Application shutdown requested.
2022-02-08 16:20:05.129  INFO 12332 --- [RMI TCP Connection(60)-127.0.0.1] o.s.c.n.e.s.EurekaServiceRegistry        : Unregistering application ADMIN-SERVICE with eureka with status DOWN
2022-02-08 16:20:05.130  INFO 12332 --- [RMI TCP Connection(60)-127.0.0.1] com.netflix.discovery.DiscoveryClient    : Saw local status change event StatusChangeEvent [timestamp=1644317405130, current=DOWN, previous=UP]
2022-02-08 16:20:05.131  INFO 12332 --- [DiscoveryClient-InstanceInfoReplicator-0] com.netflix.discovery.DiscoveryClient    : DiscoveryClient_ADMIN-SERVICE/Pushkar:admin-service:9091: registering service...
2022-02-08 16:20:05.147  INFO 12332 --- [DiscoveryClient-InstanceInfoReplicator-0] com.netflix.discovery.DiscoveryClient    : DiscoveryClient_ADMIN-SERVICE/Pushkar:admin-service:9091 - registration status: 204
2022-02-08 16:20:05.624  INFO 12332 --- [RMI TCP Connection(60)-127.0.0.1] j.LocalContainerEntityManagerFactoryBean : Closing JPA EntityManagerFactory for persistence unit 'default'
2022-02-08 16:20:05.671  INFO 12332 --- [RMI TCP Connection(60)-127.0.0.1] com.zaxxer.hikari.HikariDataSource       : HikariPool-1 - Shutdown initiated...
2022-02-08 16:20:05.709  INFO 12332 --- [RMI TCP Connection(60)-127.0.0.1] com.zaxxer.hikari.HikariDataSource       : HikariPool-1 - Shutdown completed.
2022-02-08 16:20:05.720  INFO 12332 --- [RMI TCP Connection(60)-127.0.0.1] com.netflix.discovery.DiscoveryClient    : Shutting down DiscoveryClient ...
2022-02-08 16:20:08.749  INFO 12332 --- [RMI TCP Connection(60)-127.0.0.1] com.netflix.discovery.DiscoveryClient    : Unregistering ...
2022-02-08 16:20:08.765  INFO 12332 --- [RMI TCP Connection(60)-127.0.0.1] com.netflix.discovery.DiscoveryClient    : DiscoveryClient_ADMIN-SERVICE/Pushkar:admin-service:9091 - deregister  status: 200
2022-02-08 16:20:08.946  INFO 12332 --- [RMI TCP Connection(60)-127.0.0.1] com.netflix.discovery.DiscoveryClient    : Completed shut down of DiscoveryClient
